This file contains any messages produced by compilers while
running configure, to aid debugging if configure makes a mistake.

It was created by FULL-PACKAGE-NAME configure VERSION, which was
generated by GNU Autoconf 2.69.  Invocation command line was

  $ ./configure 

## --------- ##
## Platform. ##
## --------- ##

hostname = 192.168.139.128
uname -m = x86_64
uname -r = 3.10.0-693.5.2.el7.x86_64
uname -s = Linux
uname -v = #1 SMP Fri Oct 20 20:32:50 UTC 2017

/usr/bin/uname -p = x86_64
/bin/uname -X     = unknown

/bin/arch              = x86_64
/usr/bin/arch -k       = unknown
/usr/convex/getsysinfo = unknown
/usr/bin/hostinfo      = unknown
/bin/machine           = unknown
/usr/bin/oslevel       = unknown
/bin/universe          = unknown

PATH: /usr/local/bin
PATH: /usr/bin
PATH: /usr/local/sbin
PATH: /usr/sbin
PATH: /home/calcor/.local/bin
PATH: /home/calcor/bin


## ----------- ##
## Core tests. ##
## ----------- ##

configure:2247: checking for a BSD-compatible install
configure:2315: result: /usr/bin/install -c
configure:2326: checking whether build environment is sane
configure:2381: result: yes
configure:2532: checking for a thread-safe mkdir -p
configure:2571: result: /usr/bin/mkdir -p
configure:2578: checking for gawk
configure:2594: found /usr/bin/gawk
configure:2605: result: gawk
configure:2616: checking whether make sets $(MAKE)
configure:2638: result: yes
configure:2667: checking whether make supports nested variables
configure:2684: result: yes
configure:2818: checking for gcc
configure:2834: found /usr/bin/gcc
configure:2845: result: gcc
configure:3074: checking for C compiler version
configure:3083: gcc --version >&5
gcc (GCC) 4.8.5 20150623 (Red Hat 4.8.5-16)
Copyright (C) 2015 Free Software Foundation, Inc.
This is free software; see the source for copying conditions.  There is NO
warranty; not even for MERCHANTABILITY or FITNESS FOR A PARTICULAR PURPOSE.

configure:3094: $? = 0
configure:3083: gcc -v >&5
Using built-in specs.
COLLECT_GCC=gcc
COLLECT_LTO_WRAPPER=/usr/libexec/gcc/x86_64-redhat-linux/4.8.5/lto-wrapper
Target: x86_64-redhat-linux
Configured with: ../configure --prefix=/usr --mandir=/usr/share/man --infodir=/usr/share/info --with-bugurl=http://bugzilla.redhat.com/bugzilla --enable-bootstrap --enable-shared --enable-threads=posix --enable-checking=release --with-system-zlib --enable-__cxa_atexit --disable-libunwind-exceptions --enable-gnu-unique-object --enable-linker-build-id --with-linker-hash-style=gnu --enable-languages=c,c++,objc,obj-c++,java,fortran,ada,go,lto --enable-plugin --enable-initfini-array --disable-libgcj --with-isl=/builddir/build/BUILD/gcc-4.8.5-20150702/obj-x86_64-redhat-linux/isl-install --with-cloog=/builddir/build/BUILD/gcc-4.8.5-20150702/obj-x86_64-redhat-linux/cloog-install --enable-gnu-indirect-function --with-tune=generic --with-arch_32=x86-64 --build=x86_64-redhat-linux
Thread model: posix
gcc version 4.8.5 20150623 (Red Hat 4.8.5-16) (GCC) 
configure:3094: $? = 0
configure:3083: gcc -V >&5
gcc: error: unrecognized command line option '-V'
gcc: fatal error: no input files
compilation terminated.
configure:3094: $? = 4
configure:3083: gcc -qversion >&5
gcc: error: unrecognized command line option '-qversion'
gcc: fatal error: no input files
compilation terminated.
configure:3094: $? = 4
configure:3114: checking whether the C compiler works
configure:3136: gcc    conftest.c  >&5
configure:3140: $? = 0
configure:3188: result: yes
configure:3191: checking for C compiler default output file name
configure:3193: result: a.out
configure:3199: checking for suffix of executables
configure:3206: gcc -o conftest    conftest.c  >&5
configure:3210: $? = 0
configure:3232: result: 
configure:3254: checking whether we are cross compiling
configure:3262: gcc -o conftest    conftest.c  >&5
configure:3266: $? = 0
configure:3273: ./conftest
configure:3277: $? = 0
configure:3292: result: no
configure:3297: checking for suffix of object files
configure:3319: gcc -c   conftest.c >&5
configure:3323: $? = 0
configure:3344: result: o
configure:3348: checking whether we are using the GNU C compiler
configure:3367: gcc -c   conftest.c >&5
configure:3367: $? = 0
configure:3376: result: yes
configure:3385: checking whether gcc accepts -g
configure:3405: gcc -c -g  conftest.c >&5
configure:3405: $? = 0
configure:3446: result: yes
configure:3463: checking for gcc option to accept ISO C89
configure:3526: gcc  -c -g -O2  conftest.c >&5
configure:3526: $? = 0
configure:3539: result: none needed
configure:3570: checking for style of include used by make
configure:3598: result: GNU
configure:3624: checking dependency style of gcc
configure:3735: result: gcc3
configure:3793: checking for ranlib
configure:3809: found /usr/bin/ranlib
configure:3820: result: ranlib
configure:3846: checking for main in -levent
configure:3865: gcc -o conftest -g -O2   conftest.c -levent   >&5
configure:3865: $? = 0
configure:3874: result: yes
configure:3892: checking how to run the C preprocessor
configure:3923: gcc -E  conftest.c
configure:3923: $? = 0
configure:3937: gcc -E  conftest.c
conftest.c:12:28: fatal error: ac_nonexistent.h: No such file or directory
 #include <ac_nonexistent.h>
                            ^
compilation terminated.
configure:3937: $? = 1
configure: failed program was:
| /* confdefs.h */
| #define PACKAGE_NAME "FULL-PACKAGE-NAME"
| #define PACKAGE_TARNAME "full-package-name"
| #define PACKAGE_VERSION "VERSION"
| #define PACKAGE_STRING "FULL-PACKAGE-NAME VERSION"
| #define PACKAGE_BUGREPORT "BUG-REPORT-ADDRESS"
| #define PACKAGE_URL ""
| #define PACKAGE "full-package-name"
| #define VERSION "VERSION"
| #define HAVE_LIBEVENT 1
| /* end confdefs.h.  */
| #include <ac_nonexistent.h>
configure:3962: result: gcc -E
configure:3982: gcc -E  conftest.c
configure:3982: $? = 0
configure:3996: gcc -E  conftest.c
conftest.c:12:28: fatal error: ac_nonexistent.h: No such file or directory
 #include <ac_nonexistent.h>
                            ^
compilation terminated.
configure:3996: $? = 1
configure: failed program was:
| /* confdefs.h */
| #define PACKAGE_NAME "FULL-PACKAGE-NAME"
| #define PACKAGE_TARNAME "full-package-name"
| #define PACKAGE_VERSION "VERSION"
| #define PACKAGE_STRING "FULL-PACKAGE-NAME VERSION"
| #define PACKAGE_BUGREPORT "BUG-REPORT-ADDRESS"
| #define PACKAGE_URL ""
| #define PACKAGE "full-package-name"
| #define VERSION "VERSION"
| #define HAVE_LIBEVENT 1
| /* end confdefs.h.  */
| #include <ac_nonexistent.h>
configure:4025: checking for grep that handles long lines and -e
configure:4083: result: /usr/bin/grep
configure:4088: checking for egrep
configure:4150: result: /usr/bin/grep -E
configure:4155: checking for ANSI C header files
configure:4175: gcc -c -g -O2  conftest.c >&5
configure:4175: $? = 0
configure:4248: gcc -o conftest -g -O2   conftest.c -levent  >&5
configure:4248: $? = 0
configure:4248: ./conftest
configure:4248: $? = 0
configure:4259: result: yes
configure:4272: checking for sys/types.h
configure:4272: gcc -c -g -O2  conftest.c >&5
configure:4272: $? = 0
configure:4272: result: yes
configure:4272: checking for sys/stat.h
configure:4272: gcc -c -g -O2  conftest.c >&5
configure:4272: $? = 0
configure:4272: result: yes
configure:4272: checking for stdlib.h
configure:4272: gcc -c -g -O2  conftest.c >&5
configure:4272: $? = 0
configure:4272: result: yes
configure:4272: checking for string.h
configure:4272: gcc -c -g -O2  conftest.c >&5
configure:4272: $? = 0
configure:4272: result: yes
configure:4272: checking for memory.h
configure:4272: gcc -c -g -O2  conftest.c >&5
configure:4272: $? = 0
configure:4272: result: yes
configure:4272: checking for strings.h
configure:4272: gcc -c -g -O2  conftest.c >&5
configure:4272: $? = 0
configure:4272: result: yes
configure:4272: checking for inttypes.h
configure:4272: gcc -c -g -O2  conftest.c >&5
configure:4272: $? = 0
configure:4272: result: yes
configure:4272: checking for stdint.h
configure:4272: gcc -c -g -O2  conftest.c >&5
configure:4272: $? = 0
configure:4272: result: yes
configure:4272: checking for unistd.h
configure:4272: gcc -c -g -O2  conftest.c >&5
configure:4272: $? = 0
configure:4272: result: yes
configure:4287: checking arpa/inet.h usability
configure:4287: gcc -c -g -O2  conftest.c >&5
configure:4287: $? = 0
configure:4287: result: yes
configure:4287: checking arpa/inet.h presence
configure:4287: gcc -E  conftest.c
configure:4287: $? = 0
configure:4287: result: yes
configure:4287: checking for arpa/inet.h
configure:4287: result: yes
configure:4287: checking netinet/in.h usability
configure:4287: gcc -c -g -O2  conftest.c >&5
configure:4287: $? = 0
configure:4287: result: yes
configure:4287: checking netinet/in.h presence
configure:4287: gcc -E  conftest.c
configure:4287: $? = 0
configure:4287: result: yes
configure:4287: checking for netinet/in.h
configure:4287: result: yes
configure:4287: checking for stdlib.h
configure:4287: result: yes
configure:4287: checking sys/socket.h usability
configure:4287: gcc -c -g -O2  conftest.c >&5
configure:4287: $? = 0
configure:4287: result: yes
configure:4287: checking sys/socket.h presence
configure:4287: gcc -E  conftest.c
configure:4287: $? = 0
configure:4287: result: yes
configure:4287: checking for sys/socket.h
configure:4287: result: yes
configure:4299: checking for inline
configure:4315: gcc -c -g -O2  conftest.c >&5
configure:4315: $? = 0
configure:4323: result: inline
configure:4341: checking for size_t
configure:4341: gcc -c -g -O2  conftest.c >&5
configure:4341: $? = 0
configure:4341: gcc -c -g -O2  conftest.c >&5
conftest.c: In function 'main':
conftest.c:62:21: error: expected expression before ')' token
 if (sizeof ((size_t)))
                     ^
configure:4341: $? = 1
configure: failed program was:
| /* confdefs.h */
| #define PACKAGE_NAME "FULL-PACKAGE-NAME"
| #define PACKAGE_TARNAME "full-package-name"
| #define PACKAGE_VERSION "VERSION"
| #define PACKAGE_STRING "FULL-PACKAGE-NAME VERSION"
| #define PACKAGE_BUGREPORT "BUG-REPORT-ADDRESS"
| #define PACKAGE_URL ""
| #define PACKAGE "full-package-name"
| #define VERSION "VERSION"
| #define HAVE_LIBEVENT 1
| #define STDC_HEADERS 1
| #define HAVE_SYS_TYPES_H 1
| #define HAVE_SYS_STAT_H 1
| #define HAVE_STDLIB_H 1
| #define HAVE_STRING_H 1
| #define HAVE_MEMORY_H 1
| #define HAVE_STRINGS_H 1
| #define HAVE_INTTYPES_H 1
| #define HAVE_STDINT_H 1
| #define HAVE_UNISTD_H 1
| #define HAVE_ARPA_INET_H 1
| #define HAVE_NETINET_IN_H 1
| #define HAVE_STDLIB_H 1
| #define HAVE_SYS_SOCKET_H 1
| /* end confdefs.h.  */
| #include <stdio.h>
| #ifdef HAVE_SYS_TYPES_H
| # include <sys/types.h>
| #endif
| #ifdef HAVE_SYS_STAT_H
| # include <sys/stat.h>
| #endif
| #ifdef STDC_HEADERS
| # include <stdlib.h>
| # include <stddef.h>
| #else
| # ifdef HAVE_STDLIB_H
| #  include <stdlib.h>
| # endif
| #endif
| #ifdef HAVE_STRING_H
| # if !defined STDC_HEADERS && defined HAVE_MEMORY_H
| #  include <memory.h>
| # endif
| # include <string.h>
| #endif
| #ifdef HAVE_STRINGS_H
| # include <strings.h>
| #endif
| #ifdef HAVE_INTTYPES_H
| # include <inttypes.h>
| #endif
| #ifdef HAVE_STDINT_H
| # include <stdint.h>
| #endif
| #ifdef HAVE_UNISTD_H
| # include <unistd.h>
| #endif
| int
| main ()
| {
| if (sizeof ((size_t)))
| 	    return 0;
|   ;
|   return 0;
| }
configure:4341: result: yes
configure:4356: checking for stdlib.h
configure:4356: result: yes
configure:4366: checking for GNU libc compatible malloc
configure:4390: gcc -o conftest -g -O2   conftest.c -levent  >&5
configure:4390: $? = 0
configure:4390: ./conftest
configure:4390: $? = 0
configure:4400: result: yes
configure:4423: checking for socket
configure:4423: gcc -o conftest -g -O2   conftest.c -levent  >&5
configure:4423: $? = 0
configure:4423: result: yes
configure:4590: checking that generated files are newer than configure
configure:4596: result: done
configure:4619: creating ./config.status

## ---------------------- ##
## Running config.status. ##
## ---------------------- ##

This file was extended by FULL-PACKAGE-NAME config.status VERSION, which was
generated by GNU Autoconf 2.69.  Invocation command line was

  CONFIG_FILES    = 
  CONFIG_HEADERS  = 
  CONFIG_LINKS    = 
  CONFIG_COMMANDS = 
  $ ./config.status 

on 192.168.139.128

config.status:781: creating Makefile
config.status:781: creating src/Makefile
config.status:781: creating tests/Makefile
config.status:953: executing depfiles commands

## ---------------- ##
## Cache variables. ##
## ---------------- ##

ac_cv_c_compiler_gnu=yes
ac_cv_c_inline=inline
ac_cv_env_CC_set=
ac_cv_env_CC_value=
ac_cv_env_CFLAGS_set=
ac_cv_env_CFLAGS_value=
ac_cv_env_CPPFLAGS_set=
ac_cv_env_CPPFLAGS_value=
ac_cv_env_CPP_set=
ac_cv_env_CPP_value=
ac_cv_env_LDFLAGS_set=
ac_cv_env_LDFLAGS_value=
ac_cv_env_LIBS_set=
ac_cv_env_LIBS_value=
ac_cv_env_build_alias_set=
ac_cv_env_build_alias_value=
ac_cv_env_host_alias_set=
ac_cv_env_host_alias_value=
ac_cv_env_target_alias_set=
ac_cv_env_target_alias_value=
ac_cv_func_malloc_0_nonnull=yes
ac_cv_func_socket=yes
ac_cv_header_arpa_inet_h=yes
ac_cv_header_inttypes_h=yes
ac_cv_header_memory_h=yes
ac_cv_header_netinet_in_h=yes
ac_cv_header_stdc=yes
ac_cv_header_stdint_h=yes
ac_cv_header_stdlib_h=yes
ac_cv_header_string_h=yes
ac_cv_header_strings_h=yes
ac_cv_header_sys_socket_h=yes
ac_cv_header_sys_stat_h=yes
ac_cv_header_sys_types_h=yes
ac_cv_header_unistd_h=yes
ac_cv_lib_event_main=yes
ac_cv_objext=o
ac_cv_path_EGREP='/usr/bin/grep -E'
ac_cv_path_GREP=/usr/bin/grep
ac_cv_path_install='/usr/bin/install -c'
ac_cv_path_mkdir=/usr/bin/mkdir
ac_cv_prog_AWK=gawk
ac_cv_prog_CPP='gcc -E'
ac_cv_prog_ac_ct_CC=gcc
ac_cv_prog_ac_ct_RANLIB=ranlib
ac_cv_prog_cc_c89=
ac_cv_prog_cc_g=yes
ac_cv_prog_make_make_set=yes
ac_cv_type_size_t=yes
am_cv_CC_dependencies_compiler_type=gcc3
am_cv_make_support_nested_variables=yes

## ----------------- ##
## Output variables. ##
## ----------------- ##

ACLOCAL='${SHELL} /home/calcor/libevco/missing aclocal-1.13'
AMDEPBACKSLASH='\'
AMDEP_FALSE='#'
AMDEP_TRUE=''
AMTAR='$${TAR-tar}'
AM_BACKSLASH='\'
AM_DEFAULT_V='$(AM_DEFAULT_VERBOSITY)'
AM_DEFAULT_VERBOSITY='1'
AM_V='$(V)'
AUTOCONF='${SHELL} /home/calcor/libevco/missing autoconf'
AUTOHEADER='${SHELL} /home/calcor/libevco/missing autoheader'
AUTOMAKE='${SHELL} /home/calcor/libevco/missing automake-1.13'
AWK='gawk'
CC='gcc'
CCDEPMODE='depmode=gcc3'
CFLAGS='-O2'
CPP='gcc -E'
CPPFLAGS=''
CYGPATH_W='echo'
DEFS='-DPACKAGE_NAME=\"FULL-PACKAGE-NAME\" -DPACKAGE_TARNAME=\"full-package-name\" -DPACKAGE_VERSION=\"VERSION\" -DPACKAGE_STRING=\"FULL-PACKAGE-NAME\ VERSION\" -DPACKAGE_BUGREPORT=\"BUG-REPORT-ADDRESS\" -DPACKAGE_URL=\"\" -DPACKAGE=\"full-package-name\" -DVERSION=\"VERSION\" -DHAVE_LIBEVENT=1 -DSTDC_HEADERS=1 -DHAVE_SYS_TYPES_H=1 -DHAVE_SYS_STAT_H=1 -DHAVE_STDLIB_H=1 -DHAVE_STRING_H=1 -DHAVE_MEMORY_H=1 -DHAVE_STRINGS_H=1 -DHAVE_INTTYPES_H=1 -DHAVE_STDINT_H=1 -DHAVE_UNISTD_H=1 -DHAVE_ARPA_INET_H=1 -DHAVE_NETINET_IN_H=1 -DHAVE_STDLIB_H=1 -DHAVE_SYS_SOCKET_H=1 -DHAVE_STDLIB_H=1 -DHAVE_MALLOC=1 -DHAVE_SOCKET=1'
DEPDIR='.deps'
ECHO_C=''
ECHO_N='-n'
ECHO_T=''
EGREP='/usr/bin/grep -E'
EXEEXT=''
GREP='/usr/bin/grep'
INSTALL_DATA='${INSTALL} -m 644'
INSTALL_PROGRAM='${INSTALL}'
INSTALL_SCRIPT='${INSTALL}'
INSTALL_STRIP_PROGRAM='$(install_sh) -c -s'
LDFLAGS=''
LIBOBJS=''
LIBS='-levent '
LTLIBOBJS=''
MAKEINFO='${SHELL} /home/calcor/libevco/missing makeinfo'
MKDIR_P='/usr/bin/mkdir -p'
OBJEXT='o'
PACKAGE='full-package-name'
PACKAGE_BUGREPORT='BUG-REPORT-ADDRESS'
PACKAGE_NAME='FULL-PACKAGE-NAME'
PACKAGE_STRING='FULL-PACKAGE-NAME VERSION'
PACKAGE_TARNAME='full-package-name'
PACKAGE_URL=''
PACKAGE_VERSION='VERSION'
PATH_SEPARATOR=':'
RANLIB='ranlib'
SET_MAKE=''
SHELL='/bin/sh'
STRIP=''
VERSION='VERSION'
ac_ct_CC='gcc'
am__EXEEXT_FALSE=''
am__EXEEXT_TRUE='#'
am__fastdepCC_FALSE='#'
am__fastdepCC_TRUE=''
am__include='include'
am__isrc=''
am__leading_dot='.'
am__nodep='_no'
am__quote=''
am__tar='$${TAR-tar} chof - "$$tardir"'
am__untar='$${TAR-tar} xf -'
bindir='${exec_prefix}/bin'
build_alias=''
datadir='${datarootdir}'
datarootdir='${prefix}/share'
docdir='${datarootdir}/doc/${PACKAGE_TARNAME}'
dvidir='${docdir}'
exec_prefix='${prefix}'
host_alias=''
htmldir='${docdir}'
includedir='${prefix}/include'
infodir='${datarootdir}/info'
install_sh='${SHELL} /home/calcor/libevco/install-sh'
libdir='${exec_prefix}/lib'
libexecdir='${exec_prefix}/libexec'
localedir='${datarootdir}/locale'
localstatedir='${prefix}/var'
mandir='${datarootdir}/man'
mkdir_p='$(MKDIR_P)'
oldincludedir='/usr/include'
pdfdir='${docdir}'
prefix='/usr/local'
program_transform_name='s,x,x,'
psdir='${docdir}'
sbindir='${exec_prefix}/sbin'
sharedstatedir='${prefix}/com'
sysconfdir='${prefix}/etc'
target_alias=''

## ----------- ##
## confdefs.h. ##
## ----------- ##

/* confdefs.h */
#define PACKAGE_NAME "FULL-PACKAGE-NAME"
#define PACKAGE_TARNAME "full-package-name"
#define PACKAGE_VERSION "VERSION"
#define PACKAGE_STRING "FULL-PACKAGE-NAME VERSION"
#define PACKAGE_BUGREPORT "BUG-REPORT-ADDRESS"
#define PACKAGE_URL ""
#define PACKAGE "full-package-name"
#define VERSION "VERSION"
#define HAVE_LIBEVENT 1
#define STDC_HEADERS 1
#define HAVE_SYS_TYPES_H 1
#define HAVE_SYS_STAT_H 1
#define HAVE_STDLIB_H 1
#define HAVE_STRING_H 1
#define HAVE_MEMORY_H 1
#define HAVE_STRINGS_H 1
#define HAVE_INTTYPES_H 1
#define HAVE_STDINT_H 1
#define HAVE_UNISTD_H 1
#define HAVE_ARPA_INET_H 1
#define HAVE_NETINET_IN_H 1
#define HAVE_STDLIB_H 1
#define HAVE_SYS_SOCKET_H 1
#define HAVE_STDLIB_H 1
#define HAVE_MALLOC 1
#define HAVE_SOCKET 1

configure: exit 0
